[     212ms] [WARNING] document.domain mutation is ignored because the surrounding agent cluster is origin-keyed. @ https://music.163.com/:41
[     386ms] [LOG] {data: Array(10), code: 200} @ https://s3.music.126.net/web/s/core_bc42e8fa60eb5f1b67f0cec2b84f3c58.js?bc42e8fa60eb5f1b67f0cec2b84f3c58:143
[     410ms] [LOG] PiP worker render @ https://music.163.com/st/pip/lyric/inject.js:40
[     750ms] [WARNING] document.domain mutation is ignored because the surrounding agent cluster is origin-keyed. @ https://st.music.163.com/g/ct-web-login/ctWebLogin.main.0.3.7.227a7af6.js:0
[     816ms] [WARNING] document.domain mutation is ignored because the surrounding agent cluster is origin-keyed. @ https://music.163.com/playlist?id=3778678:55
[     860ms] [LOG] %c /./ @ https://acstatic-dun.126.net/2.7.5_602a5ad7/watchman.min.js:156
[     866ms] [LOG] %c /./ @ https://acstatic-dun.126.net/2.7.5_602a5ad7/watchman.min.js:156
[     870ms] [LOG] %c /./ @ https://acstatic-dun.126.net/2.7.5_602a5ad7/watchman.min.js:156
[     970ms] [LOG] %c /./ @ https://acstatic-dun.126.net/2.7.5_602a5ad7/watchman.min.js:156
[    1885ms] [LOG] %c /./ @ https://acstatic-dun.126.net/2.7.5_602a5ad7/watchman.min.js:156
[    1889ms] [LOG] %c /./ @ https://acstatic-dun.126.net/2.7.5_602a5ad7/watchman.min.js:156
[    1900ms] [WARNING] document.domain mutation is ignored because the surrounding agent cluster is origin-keyed. @ https://st.music.163.com/g/ct-web-login/ctWebLogin.main.0.3.7.227a7af6.js:0
[    1917ms] [LOG] %c /./ @ https://acstatic-dun.126.net/2.7.5_602a5ad7/watchman.min.js:156
[    1923ms] [LOG] %c /./ @ https://acstatic-dun.126.net/2.7.5_602a5ad7/watchman.min.js:156
[    1951ms] [LOG] %c /./ @ https://acstatic-dun.126.net/2.7.5_602a5ad7/watchman.min.js:156
[    1960ms] [LOG] %c /./ @ https://acstatic-dun.126.net/2.7.5_602a5ad7/watchman.min.js:156
[  358101ms] [WARNING] document.domain mutation is ignored because the surrounding agent cluster is origin-keyed. @ https://music.163.com/:41
[  358198ms] [LOG] {data: Array(10), code: 200} @ https://s3.music.126.net/web/s/core_984f3a81c89d87ea8942a3fd46a1f042.js?984f3a81c89d87ea8942a3fd46a1f042:143
[  358240ms] [LOG] PiP worker render @ https://music.163.com/st/pip/lyric/inject.js:40
[  358366ms] [WARNING] document.domain mutation is ignored because the surrounding agent cluster is origin-keyed. @ https://st.music.163.com/g/ct-web-login/ctWebLogin.main.0.3.7.227a7af6.js:0
[  358448ms] [LOG] %c /./ @ https://acstatic-dun.126.net/2.7.5_602a5ad7/watchman.min.js:156
[  358452ms] [LOG] %c /./ @ https://acstatic-dun.126.net/2.7.5_602a5ad7/watchman.min.js:156
[  358456ms] [LOG] %c /./ @ https://acstatic-dun.126.net/2.7.5_602a5ad7/watchman.min.js:156
[  358459ms] [LOG] %c /./ @ https://acstatic-dun.126.net/2.7.5_602a5ad7/watchman.min.js:156
[  358636ms] [WARNING] document.domain mutation is ignored because the surrounding agent cluster is origin-keyed. @ https://music.163.com/playlist?id=3778678:55
[  358994ms] [WARNING] document.domain mutation is ignored because the surrounding agent cluster is origin-keyed. @ https://st.music.163.com/g/ct-web-login/ctWebLogin.main.0.3.7.227a7af6.js:0
[  359053ms] [LOG] %c /./ @ https://acstatic-dun.126.net/2.7.5_602a5ad7/watchman.min.js:156
[  359057ms] [LOG] %c /./ @ https://acstatic-dun.126.net/2.7.5_602a5ad7/watchman.min.js:156
[  359060ms] [LOG] %c /./ @ https://acstatic-dun.126.net/2.7.5_602a5ad7/watchman.min.js:156
[  359065ms] [LOG] %c /./ @ https://acstatic-dun.126.net/2.7.5_602a5ad7/watchman.min.js:156
[  359068ms] [LOG] %c /./ @ https://acstatic-dun.126.net/2.7.5_602a5ad7/watchman.min.js:156
[  359071ms] [LOG] %c /./ @ https://acstatic-dun.126.net/2.7.5_602a5ad7/watchman.min.js:156
[  407448ms] [WARNING] document.domain mutation is ignored because the surrounding agent cluster is origin-keyed. @ https://music.163.com/:41
[  407504ms] [LOG] PiP worker render @ https://music.163.com/st/pip/lyric/inject.js:40
[  407516ms] [LOG] {data: Array(10), code: 200} @ https://s3.music.126.net/web/s/core_984f3a81c89d87ea8942a3fd46a1f042.js?984f3a81c89d87ea8942a3fd46a1f042:143
[  407550ms] [LOG] %c /./ @ https://acstatic-dun.126.net/2.7.5_602a5ad7/watchman.min.js:156
[  407555ms] [LOG] %c /./ @ https://acstatic-dun.126.net/2.7.5_602a5ad7/watchman.min.js:156
[  407584ms] [WARNING] document.domain mutation is ignored because the surrounding agent cluster is origin-keyed. @ https://st.music.163.com/g/ct-web-login/ctWebLogin.main.0.3.7.227a7af6.js:0
[  407941ms] [WARNING] document.domain mutation is ignored because the surrounding agent cluster is origin-keyed. @ https://music.163.com/playlist?id=3778678:55
[  408366ms] [WARNING] document.domain mutation is ignored because the surrounding agent cluster is origin-keyed. @ https://st.music.163.com/g/ct-web-login/ctWebLogin.main.0.3.7.227a7af6.js:0
[  408404ms] [LOG] %c /./ @ https://acstatic-dun.126.net/2.7.5_602a5ad7/watchman.min.js:156
[  408407ms] [LOG] %c /./ @ https://acstatic-dun.126.net/2.7.5_602a5ad7/watchman.min.js:156
[  408411ms] [LOG] %c /./ @ https://acstatic-dun.126.net/2.7.5_602a5ad7/watchman.min.js:156
[  408413ms] [LOG] %c /./ @ https://acstatic-dun.126.net/2.7.5_602a5ad7/watchman.min.js:156
[  408417ms] [LOG] %c /./ @ https://acstatic-dun.126.net/2.7.5_602a5ad7/watchman.min.js:156
